<?xml version="1.0" encoding="UTF-8"?>
<!-- Generated by org.testng.reporters.JUnitXMLReporter -->
<testsuite ignored="0" hostname="DESKTOP-RRVA329" failures="0" tests="3" name="Default test" time="3.209" errors="0" timestamp="2024-07-02T13:16:08 EDT">
  <testcase classname="practice.API.requests.TestGetMethod" name="test01" time="2.518"/>
  <testcase classname="practice.API.requests.TestGetMethod" name="test02" time="0.329"/>
  <testcase classname="practice.API.requests.TestGetMethod" name="test03" time="0.286"/>
</testsuite> <!-- Default test -->
