<?xml version="1.0" encoding="UTF-8"?>
<testng-results ignored="0" total="1" passed="1" failed="0" skipped="0">
  <reporter-output>
  </reporter-output>
  <suite started-at="2024-06-20T15:47:14 EDT" name="Default suite" finished-at="2024-06-20T15:47:19 EDT" duration-ms="4711">
    <groups>
    </groups>
    <test started-at="2024-06-20T15:47:14 EDT" name="Default test" finished-at="2024-06-20T15:47:19 EDT" duration-ms="4711">
      <class name="FirstGetRequest">
        <test-method signature="testcase01()[pri:0, instance:FirstGetRequest@441772e]" started-at="2024-06-20T15:47:14 EDT" name="testcase01" finished-at="2024-06-20T15:47:19 EDT" duration-ms="4624" status="PASS">
          <reporter-output>
          </reporter-output>
        </test-method> <!-- testcase01 -->
      </class> <!-- FirstGetRequest -->
    </test> <!-- Default test -->
  </suite> <!-- Default suite -->
</testng-results>
